2024-06-18T11:31:41  perf: micro-optimization
2024-07-09T18:48:48  style: formatting
2024-08-06T13:05:55  chore: bump dev tooling
2024-09-04T08:22:02  docs: expand examples
2024-09-08T15:39:09  test: strengthen coverage
2024-10-07T10:56:16  chore: tune defaults
2024-11-04T17:13:23  refactor: simplify helper
2024-12-03T12:30:30  chore: routine maintenance
2024-12-31T19:47:37  docs: clarify usage notes
2025-01-29T14:04:44  test: add edge case
2025-02-02T09:21:51  refactor: tidy internals
2025-03-03T16:38:58  fix: handle empty input gracefully
2025-03-31T11:55:05  perf: micro-optimization
2025-04-29T18:12:12  style: formatting
2025-05-27T13:29:19  chore: bump dev tooling
2025-06-25T08:46:26  docs: expand examples
2025-06-29T15:03:33  test: strengthen coverage
2025-07-27T10:20:40  chore: tune defaults
2025-08-18T17:37:47  refactor: simplify helper
2025-09-15T12:54:54  chore: routine maintenance
2025-10-14T19:11:01  docs: clarify usage notes
2025-11-11T14:28:08  test: add edge case
2025-12-10T09:45:15  refactor: tidy internals
2026-01-07T16:02:22  fix: handle empty input gracefully
2026-01-12T11:19:29  perf: micro-optimization
2026-02-09T18:36:36  style: formatting
2026-03-10T13:53:43  chore: bump dev tooling
2026-04-07T08:10:50  docs: expand examples
2026-05-06T15:27:57  test: strengthen coverage
2026-06-03T10:44:04  chore: tune defaults
2024-07-09T11:31:41  test: it's not flaky, you're flaky
